# JRE version: Java(TM) SE Runtime Environment (8.0_91-b14) (build 1.8.0_91-b14)
# Java VM: Java HotSpot(TM) 64-Bit Server VM (25.91-b14 mixed mode windows-amd64 compressed oops)
Heap:
 PSYoungGen      total 38400K, used 7749K [0x00000000d5f00000, 0x00000000db200000, 0x0000000100000000)
  eden space 33280K, 23% used [0x00000000d5f00000,0x00000000d6691420,0x00000000d7f80000)
  from space 5120K, 0% used [0x00000000d7f80000,0x00000000d7f80000,0x00000000d8480000)
  to   space 9216K, 0% used [0x00000000da900000,0x00000000da900000,0x00000000db200000)
 ParOldGen       total 80384K, used 21521K [0x0000000081c00000, 0x0000000086a80000, 0x00000000d5f00000)
  object space 80384K, 26% used [0x0000000081c00000,0x0000000083104498,0x0000000086a80000)
 Metaspace       used 22223K, capacity 22626K, committed 22832K, reserved 1069056K
  class space    used 2739K, capacity 2850K, committed 2944K, reserved 1048576K
GC Heap History (10 events):
Event: 95.468 GC heap before
{Heap before GC invocations=3 (full 0):
 PSYoungGen      total 38400K, used 26784K [0x00000000d5f00000, 0x00000000daa00000, 0x0000000100000000)
  eden space 33280K, 65% used [0x00000000d5f00000,0x00000000d74303a0,0x00000000d7f80000)
  from space 5120K, 99% used [0x00000000d8480000,0x00000000d8978030,0x00000000d8980000)
  to   space 5120K, 0% used [0x00000000d7f80000,0x00000000d7f80000,0x00000000d8480000)
 ParOldGen       total 87552K, used 3708K [0x0000000081c00000, 0x0000000087180000, 0x00000000d5f00000)
  object space 87552K, 4% used [0x0000000081c00000,0x0000000081f9f1c8,0x0000000087180000)
 Metaspace       used 20742K, capacity 21090K, committed 21296K, reserved 1069056K
  class space    used 2565K, capacity 2658K, committed 2688K, reserved 1048576K
Event: 95.479 GC heap after
Heap after GC invocations=3 (full 0):
 PSYoungGen      total 38400K, used 5104K [0x00000000d5f00000, 0x00000000d8980000, 0x0000000100000000)
  eden space 33280K, 0% used [0x00000000d5f00000,0x00000000d5f00000,0x00000000d7f80000)
  from space 5120K, 99% used [0x00000000d7f80000,0x00000000d847c040,0x00000000d8480000)
  to   space 5120K, 0% used [0x00000000d8480000,0x00000000d8480000,0x00000000d8980000)
 ParOldGen       total 87552K, used 5528K [0x0000000081c00000, 0x0000000087180000, 0x00000000d5f00000)
  object space 87552K, 6% used [0x0000000081c00000,0x0000000082166118,0x0000000087180000)
 Metaspace       used 20742K, capacity 21090K, committed 21296K, reserved 1069056K
  class space    used 2565K, capacity 2658K, committed 2688K, reserved 1048576K
}
Event: 95.479 GC heap before
{Heap before GC invocations=4 (full 1):
 PSYoungGen      total 38400K, used 5104K [0x00000000d5f00000, 0x00000000d8980000, 0x0000000100000000)
  eden space 33280K, 0% used [0x00000000d5f00000,0x00000000d5f00000,0x00000000d7f80000)
  from space 5120K, 99% used [0x00000000d7f80000,0x00000000d847c040,0x00000000d8480000)
  to   space 5120K, 0% used [0x00000000d8480000,0x00000000d8480000,0x00000000d8980000)
 ParOldGen       total 87552K, used 5528K [0x0000000081c00000, 0x0000000087180000, 0x00000000d5f00000)
  object space 87552K, 6% used [0x0000000081c00000,0x0000000082166118,0x0000000087180000)
 Metaspace       used 20742K, capacity 21090K, committed 21296K, reserved 1069056K
  class space    used 2565K, capacity 2658K, committed 2688K, reserved 1048576K
Event: 95.507 GC heap after
Heap after GC invocations=4 (full 1):
 PSYoungGen      total 38400K, used 0K [0x00000000d5f00000, 0x00000000d8980000, 0x0000000100000000)
  eden space 33280K, 0% used [0x00000000d5f00000,0x00000000d5f00000,0x00000000d7f80000)
  from space 5120K, 0% used [0x00000000d7f80000,0x00000000d7f80000,0x00000000d8480000)
  to   space 5120K, 0% used [0x00000000d8480000,0x00000000d8480000,0x00000000d8980000)
 ParOldGen       total 43520K, used 6942K [0x0000000081c00000, 0x0000000084680000, 0x00000000d5f00000)
  object space 43520K, 15% used [0x0000000081c00000,0x00000000822c7a70,0x0000000084680000)
 Metaspace       used 20742K, capacity 21090K, committed 21296K, reserved 1069056K
  class space    used 2565K, capacity 2658K, committed 2688K, reserved 1048576K
}
Event: 97.955 GC heap before
{Heap before GC invocations=5 (full 1):
 PSYoungGen      total 38400K, used 31984K [0x00000000d5f00000, 0x00000000d8980000, 0x0000000100000000)
  eden space 33280K, 96% used [0x00000000d5f00000,0x00000000d7e3c298,0x00000000d7f80000)
  from space 5120K, 0% used [0x00000000d7f80000,0x00000000d7f80000,0x00000000d8480000)
  to   space 5120K, 0% used [0x00000000d8480000,0x00000000d8480000,0x00000000d8980000)
 ParOldGen       total 43520K, used 6942K [0x0000000081c00000, 0x0000000084680000, 0x00000000d5f00000)
  object space 43520K, 15% used [0x0000000081c00000,0x00000000822c7a70,0x0000000084680000)
 Metaspace       used 21771K, capacity 22146K, committed 22576K, reserved 1069056K
  class space    used 2689K, capacity 2818K, committed 2944K, reserved 1048576K
Event: 97.958 GC heap after
Heap after GC invocations=5 (full 1):
 PSYoungGen      total 38400K, used 3979K [0x00000000d5f00000, 0x00000000d8980000, 0x0000000100000000)
  eden space 33280K, 0% used [0x00000000d5f00000,0x00000000d5f00000,0x00000000d7f80000)
  from space 5120K, 77% used [0x00000000d8480000,0x00000000d8862cd8,0x00000000d8980000)
  to   space 5120K, 0% used [0x00000000d7f80000,0x00000000d7f80000,0x00000000d8480000)
 ParOldGen       total 43520K, used 14150K [0x0000000081c00000, 0x0000000084680000, 0x00000000d5f00000)
  object space 43520K, 32% used [0x0000000081c00000,0x00000000829d1a90,0x0000000084680000)
 Metaspace       used 21771K, capacity 22146K, committed 22576K, reserved 1069056K
  class space    used 2689K, capacity 2818K, committed 2944K, reserved 1048576K
}
Event: 98.044 GC heap before
{Heap before GC invocations=6 (full 1):
 PSYoungGen      total 38400K, used 37259K [0x00000000d5f00000, 0x00000000d8980000, 0x0000000100000000)
  eden space 33280K, 100% used [0x00000000d5f00000,0x00000000d7f80000,0x00000000d7f80000)
  from space 5120K, 77% used [0x00000000d8480000,0x00000000d8862cd8,0x00000000d8980000)
  to   space 5120K, 0% used [0x00000000d7f80000,0x00000000d7f80000,0x00000000d8480000)
 ParOldGen       total 43520K, used 14150K [0x0000000081c00000, 0x0000000084680000, 0x00000000d5f00000)
  object space 43520K, 32% used [0x0000000081c00000,0x00000000829d1a90,0x0000000084680000)
 Metaspace       used 22166K, capacity 22562K, committed 22832K, reserved 1069056K
  class space    used 2733K, capacity 2850K, committed 2944K, reserved 1048576K
Event: 98.051 GC heap after
Heap after GC invocations=6 (full 1):
 PSYoungGen      total 38400K, used 3824K [0x00000000d5f00000, 0x00000000db200000, 0x0000000100000000)
  eden space 33280K, 0% used [0x00000000d5f00000,0x00000000d5f00000,0x00000000d7f80000)
  from space 5120K, 74% used [0x00000000d7f80000,0x00000000d833c010,0x00000000d8480000)
  to   space 9216K, 0% used [0x00000000da900000,0x00000000da900000,0x00000000db200000)
 ParOldGen       total 43520K, used 39358K [0x0000000081c00000, 0x0000000084680000, 0x00000000d5f00000)
  object space 43520K, 90% used [0x0000000081c00000,0x000000008426fb00,0x0000000084680000)
 Metaspace       used 22166K, capacity 22562K, committed 22832K, reserved 1069056K
  class space    used 2733K, capacity 2850K, committed 2944K, reserved 1048576K
}
Event: 98.051 GC heap before
{Heap before GC invocations=7 (full 2):
 PSYoungGen      total 38400K, used 3824K [0x00000000d5f00000, 0x00000000db200000, 0x0000000100000000)
  eden space 33280K, 0% used [0x00000000d5f00000,0x00000000d5f00000,0x00000000d7f80000)
  from space 5120K, 74% used [0x00000000d7f80000,0x00000000d833c010,0x00000000d8480000)
  to   space 9216K, 0% used [0x00000000da900000,0x00000000da900000,0x00000000db200000)
 ParOldGen       total 43520K, used 39358K [0x0000000081c00000, 0x0000000084680000, 0x00000000d5f00000)
  object space 43520K, 90% used [0x0000000081c00000,0x000000008426fb00,0x0000000084680000)
 Metaspace       used 22166K, capacity 22562K, committed 22832K, reserved 1069056K
  class space    used 2733K, capacity 2850K, committed 2944K, reserved 1048576K
Event: 98.066 GC heap after
Heap after GC invocations=7 (full 2):
 PSYoungGen      total 38400K, used 0K [0x00000000d5f00000, 0x00000000db200000, 0x0000000100000000)
  eden space 33280K, 0% used [0x00000000d5f00000,0x00000000d5f00000,0x00000000d7f80000)
  from space 5120K, 0% used [0x00000000d7f80000,0x00000000d7f80000,0x00000000d8480000)
  to   space 9216K, 0% used [0x00000000da900000,0x00000000da900000,0x00000000db200000)
 ParOldGen       total 80384K, used 21521K [0x0000000081c00000, 0x0000000086a80000, 0x00000000d5f00000)
  object space 80384K, 26% used [0x0000000081c00000,0x0000000083104498,0x0000000086a80000)
 Metaspace       used 22166K, capacity 22562K, committed 22832K, reserved 1069056K
  class space    used 2733K, capacity 2850K, committed 2944K, reserved 1048576K
}

