# JRE version: Java(TM) SE Runtime Environment (8.0_91-b14) (build 1.8.0_91-b14)
# Java VM: Java HotSpot(TM) 64-Bit Server VM (25.91-b14 mixed mode windows-amd64 compressed oops)
Heap:
 PSYoungGen      total 76288K, used 49529K [0x00000000d5f00000, 0x00000000dbc00000, 0x0000000100000000)
  eden space 61440K, 56% used [0x00000000d5f00000,0x00000000d80fc660,0x00000000d9b00000)
  from space 14848K, 99% used [0x00000000dab80000,0x00000000db9e2048,0x00000000dba00000)
  to   space 16896K, 0% used [0x00000000d9b00000,0x00000000d9b00000,0x00000000dab80000)
 ParOldGen       total 103424K, used 31048K [0x0000000081c00000, 0x0000000088100000, 0x00000000d5f00000)
  object space 103424K, 30% used [0x0000000081c00000,0x0000000083a52220,0x0000000088100000)
 Metaspace       used 22481K, capacity 22814K, committed 23088K, reserved 1069056K
  class space    used 2752K, capacity 2862K, committed 2944K, reserved 1048576K
GC Heap History (10 events):
Event: 53.699 GC heap before
{Heap before GC invocations=8 (full 2):
 PSYoungGen      total 37888K, used 31282K [0x00000000d5f00000, 0x00000000d9c00000, 0x0000000100000000)
  eden space 32768K, 95% used [0x00000000d5f00000,0x00000000d7d8cb68,0x00000000d7f00000)
  from space 5120K, 0% used [0x00000000d7f80000,0x00000000d7f80000,0x00000000d8480000)
  to   space 14848K, 0% used [0x00000000d8d80000,0x00000000d8d80000,0x00000000d9c00000)
 ParOldGen       total 103424K, used 20232K [0x0000000081c00000, 0x0000000088100000, 0x00000000d5f00000)
  object space 103424K, 19% used [0x0000000081c00000,0x0000000082fc21f0,0x0000000088100000)
 Metaspace       used 21985K, capacity 22264K, committed 22448K, reserved 1069056K
  class space    used 2699K, capacity 2765K, committed 2816K, reserved 1048576K
Event: 53.701 GC heap after
Heap after GC invocations=8 (full 2):
 PSYoungGen      total 48640K, used 6490K [0x00000000d5f00000, 0x00000000da380000, 0x0000000100000000)
  eden space 33792K, 0% used [0x00000000d5f00000,0x00000000d5f00000,0x00000000d8000000)
  from space 14848K, 43% used [0x00000000d8d80000,0x00000000d93d69a0,0x00000000d9c00000)
  to   space 13824K, 0% used [0x00000000d8000000,0x00000000d8000000,0x00000000d8d80000)
 ParOldGen       total 103424K, used 20240K [0x0000000081c00000, 0x0000000088100000, 0x00000000d5f00000)
  object space 103424K, 19% used [0x0000000081c00000,0x0000000082fc41f0,0x0000000088100000)
 Metaspace       used 21985K, capacity 22264K, committed 22448K, reserved 1069056K
  class space    used 2699K, capacity 2765K, committed 2816K, reserved 1048576K
}
Event: 53.810 GC heap before
{Heap before GC invocations=9 (full 2):
 PSYoungGen      total 48640K, used 40282K [0x00000000d5f00000, 0x00000000da380000, 0x0000000100000000)
  eden space 33792K, 100% used [0x00000000d5f00000,0x00000000d8000000,0x00000000d8000000)
  from space 14848K, 43% used [0x00000000d8d80000,0x00000000d93d69a0,0x00000000d9c00000)
  to   space 13824K, 0% used [0x00000000d8000000,0x00000000d8000000,0x00000000d8d80000)
 ParOldGen       total 103424K, used 20240K [0x0000000081c00000, 0x0000000088100000, 0x00000000d5f00000)
  object space 103424K, 19% used [0x0000000081c00000,0x0000000082fc41f0,0x0000000088100000)
 Metaspace       used 21985K, capacity 22264K, committed 22448K, reserved 1069056K
  class space    used 2699K, capacity 2765K, committed 2816K, reserved 1048576K
Event: 53.813 GC heap after
Heap after GC invocations=9 (full 2):
 PSYoungGen      total 47616K, used 11047K [0x00000000d5f00000, 0x00000000dac80000, 0x0000000100000000)
  eden space 33792K, 0% used [0x00000000d5f00000,0x00000000d5f00000,0x00000000d8000000)
  from space 13824K, 79% used [0x00000000d8000000,0x00000000d8ac9df8,0x00000000d8d80000)
  to   space 14848K, 0% used [0x00000000d9e00000,0x00000000d9e00000,0x00000000dac80000)
 ParOldGen       total 103424K, used 23840K [0x0000000081c00000, 0x0000000088100000, 0x00000000d5f00000)
  object space 103424K, 23% used [0x0000000081c00000,0x0000000083348200,0x0000000088100000)
 Metaspace       used 21985K, capacity 22264K, committed 22448K, reserved 1069056K
  class space    used 2699K, capacity 2765K, committed 2816K, reserved 1048576K
}
Event: 56.435 GC heap before
{Heap before GC invocations=10 (full 2):
 PSYoungGen      total 47616K, used 44647K [0x00000000d5f00000, 0x00000000dac80000, 0x0000000100000000)
  eden space 33792K, 99% used [0x00000000d5f00000,0x00000000d7fcfef0,0x00000000d8000000)
  from space 13824K, 79% used [0x00000000d8000000,0x00000000d8ac9df8,0x00000000d8d80000)
  to   space 14848K, 0% used [0x00000000d9e00000,0x00000000d9e00000,0x00000000dac80000)
 ParOldGen       total 103424K, used 23840K [0x0000000081c00000, 0x0000000088100000, 0x00000000d5f00000)
  object space 103424K, 23% used [0x0000000081c00000,0x0000000083348200,0x0000000088100000)
 Metaspace       used 22040K, capacity 22270K, committed 22448K, reserved 1069056K
  class space    used 2704K, capacity 2766K, committed 2816K, reserved 1048576K
Event: 56.438 GC heap after
Heap after GC invocations=10 (full 2):
 PSYoungGen      total 59392K, used 8421K [0x00000000d5f00000, 0x00000000da980000, 0x0000000100000000)
  eden space 47616K, 0% used [0x00000000d5f00000,0x00000000d5f00000,0x00000000d8d80000)
  from space 11776K, 71% used [0x00000000d9e00000,0x00000000da639410,0x00000000da980000)
  to   space 14336K, 0% used [0x00000000d8d80000,0x00000000d8d80000,0x00000000d9b80000)
 ParOldGen       total 103424K, used 23848K [0x0000000081c00000, 0x0000000088100000, 0x00000000d5f00000)
  object space 103424K, 23% used [0x0000000081c00000,0x000000008334a200,0x0000000088100000)
 Metaspace       used 22040K, capacity 22270K, committed 22448K, reserved 1069056K
  class space    used 2704K, capacity 2766K, committed 2816K, reserved 1048576K
}
Event: 56.546 GC heap before
{Heap before GC invocations=11 (full 2):
 PSYoungGen      total 59392K, used 56037K [0x00000000d5f00000, 0x00000000da980000, 0x0000000100000000)
  eden space 47616K, 100% used [0x00000000d5f00000,0x00000000d8d80000,0x00000000d8d80000)
  from space 11776K, 71% used [0x00000000d9e00000,0x00000000da639410,0x00000000da980000)
  to   space 14336K, 0% used [0x00000000d8d80000,0x00000000d8d80000,0x00000000d9b80000)
 ParOldGen       total 103424K, used 23848K [0x0000000081c00000, 0x0000000088100000, 0x00000000d5f00000)
  object space 103424K, 23% used [0x0000000081c00000,0x000000008334a200,0x0000000088100000)
 Metaspace       used 22041K, capacity 22270K, committed 22448K, reserved 1069056K
  class space    used 2704K, capacity 2766K, committed 2816K, reserved 1048576K
Event: 56.550 GC heap after
Heap after GC invocations=11 (full 2):
 PSYoungGen      total 61952K, used 11047K [0x00000000d5f00000, 0x00000000dba00000, 0x0000000100000000)
  eden space 47616K, 0% used [0x00000000d5f00000,0x00000000d5f00000,0x00000000d8d80000)
  from space 14336K, 77% used [0x00000000d8d80000,0x00000000d9849df8,0x00000000d9b80000)
  to   space 14848K, 0% used [0x00000000dab80000,0x00000000dab80000,0x00000000dba00000)
 ParOldGen       total 103424K, used 31048K [0x0000000081c00000, 0x0000000088100000, 0x00000000d5f00000)
  object space 103424K, 30% used [0x0000000081c00000,0x0000000083a52220,0x0000000088100000)
 Metaspace       used 22041K, capacity 22270K, committed 22448K, reserved 1069056K
  class space    used 2704K, capacity 2766K, committed 2816K, reserved 1048576K
}
Event: 59.214 GC heap before
{Heap before GC invocations=12 (full 2):
 PSYoungGen      total 61952K, used 58663K [0x00000000d5f00000, 0x00000000dba00000, 0x0000000100000000)
  eden space 47616K, 100% used [0x00000000d5f00000,0x00000000d8d80000,0x00000000d8d80000)
  from space 14336K, 77% used [0x00000000d8d80000,0x00000000d9849df8,0x00000000d9b80000)
  to   space 14848K, 0% used [0x00000000dab80000,0x00000000dab80000,0x00000000dba00000)
 ParOldGen       total 103424K, used 31048K [0x0000000081c00000, 0x0000000088100000, 0x00000000d5f00000)
  object space 103424K, 30% used [0x0000000081c00000,0x0000000083a52220,0x0000000088100000)
 Metaspace       used 22043K, capacity 22270K, committed 22448K, reserved 1069056K
  class space    used 2704K, capacity 2766K, committed 2816K, reserved 1048576K
Event: 59.217 GC heap after
Heap after GC invocations=12 (full 2):
 PSYoungGen      total 76288K, used 14728K [0x00000000d5f00000, 0x00000000dbc00000, 0x0000000100000000)
  eden space 61440K, 0% used [0x00000000d5f00000,0x00000000d5f00000,0x00000000d9b00000)
  from space 14848K, 99% used [0x00000000dab80000,0x00000000db9e2048,0x00000000dba00000)
  to   space 16896K, 0% used [0x00000000d9b00000,0x00000000d9b00000,0x00000000dab80000)
 ParOldGen       total 103424K, used 31048K [0x0000000081c00000, 0x0000000088100000, 0x00000000d5f00000)
  object space 103424K, 30% used [0x0000000081c00000,0x0000000083a52220,0x0000000088100000)
 Metaspace       used 22043K, capacity 22270K, committed 22448K, reserved 1069056K
  class space    used 2704K, capacity 2766K, committed 2816K, reserved 1048576K
}

